c:\users\nigel\desktop\csc612m-vector-triad\simd-vector-triad\simd-program\x64\debug\vc143.pdb
c:\users\nigel\desktop\csc612m-vector-triad\simd-vector-triad\simd-program\x64\debug\vc143.idb
c:\users\nigel\desktop\csc612m-vector-triad\simd-vector-triad\simd-program\x64\debug\vector_kernels.obj
c:\users\nigel\desktop\csc612m-vector-triad\simd-vector-triad\simd-program\x64\debug\main.obj
c:\users\nigel\desktop\csc612m-vector-triad\simd-vector-triad\simd-program\x64\debug\asm_x86_64.obj
c:\users\nigel\desktop\csc612m-vector-triad\simd-vector-triad\simd-program\x64\debug\simd-program.ilk
c:\users\nigel\desktop\csc612m-vector-triad\simd-vector-triad\simd-program\x64\debug\vectortriadc.obj
c:\users\nigel\desktop\csc612m-vector-triad\simd-vector-triad\x64\debug\simd-program.pdb
c:\users\nigel\desktop\csc612m-vector-triad\simd-vector-triad\simd-program\x64\debug\simd-program.tlog\cl.command.1.tlog
c:\users\nigel\desktop\csc612m-vector-triad\simd-vector-triad\simd-program\x64\debug\simd-program.tlog\cl.items.tlog
c:\users\nigel\desktop\csc612m-vector-triad\simd-vector-triad\simd-program\x64\debug\simd-program.tlog\cl.read.1.tlog
c:\users\nigel\desktop\csc612m-vector-triad\simd-vector-triad\simd-program\x64\debug\simd-program.tlog\cl.write.1.tlog
c:\users\nigel\desktop\csc612m-vector-triad\simd-vector-triad\simd-program\x64\debug\simd-program.tlog\custombuild.command.1.tlog
c:\users\nigel\desktop\csc612m-vector-triad\simd-vector-triad\simd-program\x64\debug\simd-program.tlog\custombuild.read.1.tlog
c:\users\nigel\desktop\csc612m-vector-triad\simd-vector-triad\simd-program\x64\debug\simd-program.tlog\custombuild.write.1.tlog
c:\users\nigel\desktop\csc612m-vector-triad\simd-vector-triad\simd-program\x64\debug\simd-program.tlog\link-cvtres.read.1.tlog
c:\users\nigel\desktop\csc612m-vector-triad\simd-vector-triad\simd-program\x64\debug\simd-program.tlog\link-cvtres.write.1.tlog
c:\users\nigel\desktop\csc612m-vector-triad\simd-vector-triad\simd-program\x64\debug\simd-program.tlog\link-rc.read.1.tlog
c:\users\nigel\desktop\csc612m-vector-triad\simd-vector-triad\simd-program\x64\debug\simd-program.tlog\link-rc.write.1.tlog
c:\users\nigel\desktop\csc612m-vector-triad\simd-vector-triad\simd-program\x64\debug\simd-program.tlog\link.4360-cvtres.read.1.tlog
c:\users\nigel\desktop\csc612m-vector-triad\simd-vector-triad\simd-program\x64\debug\simd-program.tlog\link.4360-cvtres.write.1.tlog
c:\users\nigel\desktop\csc612m-vector-triad\simd-vector-triad\simd-program\x64\debug\simd-program.tlog\link.4360-rc.read.1.tlog
c:\users\nigel\desktop\csc612m-vector-triad\simd-vector-triad\simd-program\x64\debug\simd-program.tlog\link.4360-rc.write.1.tlog
c:\users\nigel\desktop\csc612m-vector-triad\simd-vector-triad\simd-program\x64\debug\simd-program.tlog\link.4360.read.1.tlog
c:\users\nigel\desktop\csc612m-vector-triad\simd-vector-triad\simd-program\x64\debug\simd-program.tlog\link.4360.read.2.tlog
c:\users\nigel\desktop\csc612m-vector-triad\simd-vector-triad\simd-program\x64\debug\simd-program.tlog\link.4360.read.3.tlog
c:\users\nigel\desktop\csc612m-vector-triad\simd-vector-triad\simd-program\x64\debug\simd-program.tlog\link.4360.read.4.tlog
c:\users\nigel\desktop\csc612m-vector-triad\simd-vector-triad\simd-program\x64\debug\simd-program.tlog\link.4360.write.1.tlog
c:\users\nigel\desktop\csc612m-vector-triad\simd-vector-triad\simd-program\x64\debug\simd-program.tlog\link.command.1.tlog
c:\users\nigel\desktop\csc612m-vector-triad\simd-vector-triad\simd-program\x64\debug\simd-program.tlog\link.read.1.tlog
c:\users\nigel\desktop\csc612m-vector-triad\simd-vector-triad\simd-program\x64\debug\simd-program.tlog\link.read.2.tlog
c:\users\nigel\desktop\csc612m-vector-triad\simd-vector-triad\simd-program\x64\debug\simd-program.tlog\link.read.3.tlog
c:\users\nigel\desktop\csc612m-vector-triad\simd-vector-triad\simd-program\x64\debug\simd-program.tlog\link.read.4.tlog
c:\users\nigel\desktop\csc612m-vector-triad\simd-vector-triad\simd-program\x64\debug\simd-program.tlog\link.secondary.1.tlog
c:\users\nigel\desktop\csc612m-vector-triad\simd-vector-triad\simd-program\x64\debug\simd-program.tlog\link.write.1.tlog
